app_puzzles/build/outputs/logs/manifest-merger-debug-report.txt
-- Merging decision tree log ---
manifest
ADDED from src\main\AndroidManifest.xml:2:1-155:12
	xmlns:tools
		ADDED from src\main\AndroidManifest.xml:4:5-51
	xmlns:android
		ADDED from src\main\AndroidManifest.xml:3:5-63
	package
		ADDED from src\main\AndroidManifest.xml:6:5-50
		INJECTED from src\main\AndroidManifest.xml
		INJECTED from src\main\AndroidManifest.xml
	android:versionName
		ADDED from src\main\AndroidManifest.xml:8:5-32
		INJECTED from src\main\AndroidManifest.xml
		INJECTED from src\main\AndroidManifest.xml
	android:versionCode
		ADDED from src\main\AndroidManifest.xml:7:5-32
		INJECTED from src\main\AndroidManifest.xml
		INJECTED from src\main\AndroidManifest.xml
	android:installLocation
		ADDED from src\main\AndroidManifest.xml:5:5-35
supports-screens
ADDED from src\main\AndroidManifest.xml:10:5-15:40
	android:largeScreens
		ADDED from src\main\AndroidManifest.xml:14:9-36
	android:anyDensity
		ADDED from src\main\AndroidManifest.xml:11:9-34
	android:normalScreens
		ADDED from src\main\AndroidManifest.xml:13:9-37
	android:xlargeScreens
		ADDED from src\main\AndroidManifest.xml:15:9-37
	android:smallScreens
		ADDED from src\main\AndroidManifest.xml:12:9-36
uses-sdk
ADDED from src\main\AndroidManifest.xml:17:5-72
	android:targetSdkVersion
		ADDED from src\main\AndroidManifest.xml:17:41-70
		INJECTED from src\main\AndroidManifest.xml
		INJECTED from src\main\AndroidManifest.xml
	android:minSdkVersion
		ADDED from src\main\AndroidManifest.xml:17:15-40
		INJECTED from src\main\AndroidManifest.xml
		INJECTED from src\main\AndroidManifest.xml
uses-permission#android.permission.WRITE_EXTERNAL_STORAGE
ADDED from src\main\AndroidManifest.xml:19:5-81
	android:name
		ADDED from src\main\AndroidManifest.xml:19:22-78
uses-permission#android.permission.INTERNET
ADDED from src\main\AndroidManifest.xml:20:5-67
	android:name
		ADDED from src\main\AndroidManifest.xml:20:22-64
uses-feature#android.hardware.touchscreen
ADDED from src\main\AndroidManifest.xml:23:5-25:36
	android:required
		ADDED from src\main\AndroidManifest.xml:25:9-33
	android:name
		ADDED from src\main\AndroidManifest.xml:24:9-52
application
ADDED from src\main\AndroidManifest.xml:27:5-153:19
	android:label
		ADDED from src\main\AndroidManifest.xml:30:9-41
	android:allowBackup
		ADDED from src\main\AndroidManifest.xml:28:9-35
	android:icon
		ADDED from src\main\AndroidManifest.xml:29:9-38
	android:restoreAnyVersion
		ADDED from src\main\AndroidManifest.xml:32:9-41
	android:name
		ADDED from src\main\AndroidManifest.xml:31:9-87
activity#com.adamrosenfield.wordswithcrosses.HttpDownloadActivity
ADDED from src\main\AndroidManifest.xml:40:9-115:20
	android:label
		ADDED from src\main\AndroidManifest.xml:41:13-45
	android:theme
		ADDED from src\main\AndroidManifest.xml:43:13-59
	android:name
		ADDED from src\main\AndroidManifest.xml:42:13-84
	tools:ignore
		ADDED from src\main\AndroidManifest.xml:44:13-44
intent-filter#android.intent.action.VIEW+android.intent.category.BROWSABLE+android.intent.category.DEFAULT
ADDED from src\main\AndroidManifest.xml:45:13-106:29
action#android.intent.action.VIEW
ADDED from src\main\AndroidManifest.xml:46:17-69
	android:name
		ADDED from src\main\AndroidManifest.xml:46:25-66
category#android.intent.category.BROWSABLE
ADDED from src\main\AndroidManifest.xml:48:17-78
	android:name
		ADDED from src\main\AndroidManifest.xml:48:27-75
category#android.intent.category.DEFAULT
ADDED from src\main\AndroidManifest.xml:49:17-76
	android:name
		ADDED from src\main\AndroidManifest.xml:49:27-73
data
ADDED from src\main\AndroidManifest.xml:58:17-61:51
	android:pathPattern
		ADDED from src\main\AndroidManifest.xml:61:21-49
	android:host
		ADDED from src\main\AndroidManifest.xml:60:21-37
	android:scheme
		ADDED from src\main\AndroidManifest.xml:59:21-42
intent-filter#android.intent.action.VIEW+android.intent.category.DEFAULT
ADDED from src\main\AndroidManifest.xml:107:13-114:29
activity#com.adamrosenfield.wordswithcrosses.PlayActivity
ADDED from src\main\AndroidManifest.xml:116:9-119:20
	android:label
		ADDED from src\main\AndroidManifest.xml:117:13-45
	android:name
		ADDED from src\main\AndroidManifest.xml:118:13-76
activity#com.adamrosenfield.wordswithcrosses.PreferencesActivity
ADDED from src\main\AndroidManifest.xml:120:9-123:20
	android:label
		ADDED from src\main\AndroidManifest.xml:121:13-54
	android:name
		ADDED from src\main\AndroidManifest.xml:122:13-83
activity#com.adamrosenfield.wordswithcrosses.ClueListActivity
ADDED from src\main\AndroidManifest.xml:124:9-127:20
	android:label
		ADDED from src\main\AndroidManifest.xml:125:13-51
	android:name
		ADDED from src\main\AndroidManifest.xml:126:13-80
activity#com.adamrosenfield.wordswithcrosses.HTMLActivity
ADDED from src\main\AndroidManifest.xml:128:9-131:20
	android:label
		ADDED from src\main\AndroidManifest.xml:129:13-45
	android:name
		ADDED from src\main\AndroidManifest.xml:130:13-76
activity#com.adamrosenfield.wordswithcrosses.BrowseActivity
ADDED from src\main\AndroidManifest.xml:132:9-141:20
	android:label
		ADDED from src\main\AndroidManifest.xml:133:13-45
	android:name
		ADDED from src\main\AndroidManifest.xml:134:13-78
	android:launchMode
		ADDED from src\main\AndroidManifest.xml:135:13-43
intent-filter#android.intent.action.MAIN+android.intent.category.LAUNCHER
ADDED from src\main\AndroidManifest.xml:136:13-140:29
action#android.intent.action.MAIN
ADDED from src\main\AndroidManifest.xml:137:17-69
	android:name
		ADDED from src\main\AndroidManifest.xml:137:25-66
category#android.intent.category.LAUNCHER
ADDED from src\main\AndroidManifest.xml:139:17-77
	android:name
		ADDED from src\main\AndroidManifest.xml:139:27-74
activity#com.adamrosenfield.wordswithcrosses.PuzzleFinishedActivity
ADDED from src\main\AndroidManifest.xml:142:9-146:20
	android:label
		ADDED from src\main\AndroidManifest.xml:143:13-62
	android:theme
		ADDED from src\main\AndroidManifest.xml:145:13-56
	android:name
		ADDED from src\main\AndroidManifest.xml:144:13-86
receiver#com.adamrosenfield.wordswithcrosses.net.DownloadReceiver
ADDED from src\main\AndroidManifest.xml:148:9-152:20
	android:name
		ADDED from src\main\AndroidManifest.xml:148:19-90
intent-filter#android.intent.action.DOWNLOAD_COMPLETE
ADDED from src\main\AndroidManifest.xml:149:13-151:29
action#android.intent.action.DOWNLOAD_COMPLETE
ADDED from src\main\AndroidManifest.xml:150:17-82
	android:name
		ADDED from src\main\AndroidManifest.xml:150:25-79